[debug] [2023-08-15T05:07:10.375Z] ----------------------------------------------------------------------
[debug] [2023-08-15T05:07:10.378Z] Command:       C:\Program Files\nodejs\node.exe C:\Program Files\nodejs\node_modules\firebase-tools\lib\bin\firebase.js init
[debug] [2023-08-15T05:07:10.378Z] CLI Version:   12.4.7
[debug] [2023-08-15T05:07:10.379Z] Platform:      win32
[debug] [2023-08-15T05:07:10.379Z] Node Version:  v18.16.0
[debug] [2023-08-15T05:07:10.381Z] Time:          Tue Aug 15 2023 08:07:10 GMT+0300 (GMT+03:00)
[debug] [2023-08-15T05:07:10.381Z] ----------------------------------------------------------------------
[debug] 
[debug] [2023-08-15T05:07:10.545Z] > command requires scopes: ["email","openid","https://www.googleapis.com/auth/cloudplatformprojects.readonly","https://www.googleapis.com/auth/firebase","https://www.googleapis.com/auth/cloud-platform"]
[debug] [2023-08-15T05:07:10.546Z] > authorizing via signed-in user (deakferijozsi@gmail.com)
[info] 
     ######## #### ########  ######## ########     ###     ######  ########
     ##        ##  ##     ## ##       ##     ##  ##   ##  ##       ##
     ######    ##  ########  ######   ########  #########  ######  ######
     ##        ##  ##    ##  ##       ##     ## ##     ##       ## ##
     ##       #### ##     ## ######## ########  ##     ##  ######  ########

You're about to initialize a Firebase project in this directory:

  C:\angular-16-tutorial\part-8

Before we get started, keep in mind:

  * You are currently outside your home directory
  * You are initializing within an existing Firebase project directory

[info] 
=== Project Setup
[info] 
[info] First, let's associate this project directory with a Firebase project.
[info] You can create multiple project aliases by running firebase use --add, 
[info] but for now we'll just set up a default project.
[info] 
[debug] [2023-08-15T05:07:23.547Z] Using project from CLI flag: feriii
[debug] [2023-08-15T05:07:23.550Z] >>> [apiv2][query] GET https://firebase.googleapis.com/v1beta1/projects/feriii [none]
[debug] [2023-08-15T05:07:23.990Z] <<< [apiv2][status] GET https://firebase.googleapis.com/v1beta1/projects/feriii 200
[debug] [2023-08-15T05:07:23.990Z] <<< [apiv2][body] GET https://firebase.googleapis.com/v1beta1/projects/feriii {"projectId":"feriii","projectNumber":"754006779001","displayName":"feriii","name":"projects/feriii","resources":{"hostingSite":"feriii","realtimeDatabaseInstance":"feriii-default-rtdb"},"state":"ACTIVE","etag":"1_2b01f93f-4607-499f-affe-88cd7f1c4b56"}
[info] i  Using project feriii (feriii) 
[info] 
=== Hosting:github Setup
[info] 
[info] i  Detected a .git folder at C:\angular-16-tutorial 
[info] i  Authorizing with GitHub to upload your service account to a GitHub repository's secrets store. 
[info] 
[info] Visit this URL on this device to log in:
[info] https://github.com/login/oauth/authorize?client_id=89cf50f02ac6aaed3484&state=632888507&redirect_uri=http%3A%2F%2Flocalhost%3A9005&scope=read%3Auser%20repo%20public_repo
[info] 
[info] Waiting for authentication...
[debug] [2023-08-15T05:07:25.105Z] >>> [apiv2][query] POST https://github.com/login/oauth/access_token [none]
[debug] [2023-08-15T05:07:25.105Z] >>> [apiv2][body] POST https://github.com/login/oauth/access_token [stream]
[debug] [2023-08-15T05:07:25.438Z] <<< [apiv2][status] POST https://github.com/login/oauth/access_token 200
[debug] [2023-08-15T05:07:25.438Z] <<< [apiv2][body] POST https://github.com/login/oauth/access_token {"access_token":"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","token_type":"bearer","scope":"read:user,repo"}
[debug] [2023-08-15T05:07:25.447Z] >>> [apiv2][query] GET https://api.github.com/user [none]
[debug] [2023-08-15T05:07:25.913Z] <<< [apiv2][status] GET https://api.github.com/user 200
[debug] [2023-08-15T05:07:25.913Z] <<< [apiv2][body] GET https://api.github.com/user {"login":"deakferi90","id":23423781,"node_id":"MDQ6VXNlcjIzNDIzNzgx","avatar_url":"https://avatars.githubusercontent.com/u/23423781?v=4","gravatar_id":"","url":"https://api.github.com/users/deakferi90","html_url":"https://github.com/deakferi90","followers_url":"https://api.github.com/users/deakferi90/followers","following_url":"https://api.github.com/users/deakferi90/following{/other_user}","gists_url":"https://api.github.com/users/deakferi90/gists{/gist_id}","starred_url":"https://api.github.com/users/deakferi90/starred{/owner}{/repo}","subscriptions_url":"https://api.github.com/users/deakferi90/subscriptions","organizations_url":"https://api.github.com/users/deakferi90/orgs","repos_url":"https://api.github.com/users/deakferi90/repos","events_url":"https://api.github.com/users/deakferi90/events{/privacy}","received_events_url":"https://api.github.com/users/deakferi90/received_events","type":"User","site_admin":false,"name":null,"company":null,"blog":"","location":null,"email":null,"hireable":null,"bio":null,"twitter_username":null,"public_repos":22,"public_gists":0,"followers":0,"following":0,"created_at":"2016-11-12T20:40:48Z","updated_at":"2023-08-14T14:31:02Z","private_gists":0,"total_private_repos":1,"owned_private_repos":1,"disk_usage":61527,"collaborators":0,"two_factor_authentication":false,"plan":{"name":"free","space":976562499,"collaborators":0,"private_repos":10000}}
[info] 
[info] +  Success! Logged into GitHub as deakferi90 
[info] 
